<?xml version="1.0" encoding="UTF-8"?>
<!-- Generated by org.testng.reporters.JUnitReportReporter -->
<testsuite hostname="Rajapandi" failures="0" tests="1" name="Com.DemoWebShop_TestScripts.TC002_VerifyUserIsAbleToDeleteAddressOrNot" time="13.306" errors="0" timestamp="2026-05-31T09:43:12 IST" skipped="0">
  <testcase classname="Com.DemoWebShop_TestScripts.TC002_VerifyUserIsAbleToDeleteAddressOrNot" name="deleteAddress" time="13.306"/>
</testsuite> <!-- Com.DemoWebShop_TestScripts.TC002_VerifyUserIsAbleToDeleteAddressOrNot -->
